#
# There is insufficient memory for the Java Runtime Environment to continue.
# Native memory allocation (mmap) failed to map 134217728 bytes for G1 virtual space
# Possible reasons:
#   The system is out of physical RAM or swap space
#   The process is running with CompressedOops enabled, and the Java Heap may be blocking the growth of the native heap
# Possible solutions:
#   Reduce memory load on the system
#   Increase physical memory or swap space
#   Check if swap backing store is full
#   Decrease Java heap size (-Xmx/-Xms)
#   Decrease number of Java threads
#   Decrease Java thread stack sizes (-Xss)
#   Set larger code cache with -XX:ReservedCodeCacheSize=
#   JVM is running with Unscaled Compressed Oops mode in which the Java heap is
#     placed in the first 4GB address space. The Java Heap base address is the
#     maximum limit for the native heap growth. Please use -XX:HeapBaseMinAddress
#     to set the Java Heap base and to place the Java Heap above 4GB virtual address.
# This output file may be truncated or incomplete.
#
#  Out of Memory Error (os_windows.cpp:3535), pid=20432, tid=13308
#
# JRE version:  (17.0.4.1+1) (build )
# Java VM: Java HotSpot(TM) 64-Bit Server VM (17.0.4.1+1-LTS-2, mixed mode, sharing, tiered, compressed oops, compressed class ptrs, g1 gc, windows-amd64)
# No core dump will be written. Minidumps are not enabled by default on client versions of Windows
#

---------------  S U M M A R Y ------------

Command Line: -Dnet.bytebuddy.agent.attacher.dump= net.bytebuddy.agent.Attacher com.sun.tools.attach.VirtualMachine 26244 C:\Users\kaana\.m2\repository\net\bytebuddy\byte-buddy-agent\1.14.13\byte-buddy-agent-1.14.13.jar false 

Host: Intel(R) Core(TM) i7-8650U CPU @ 1.90GHz, 8 cores, 7G,  Windows 10 , 64 bit Build 19041 (10.0.19041.3155)
Time: Tue May 14 18:57:20 2024 Eastern Daylight Time elapsed time: 0.013114 seconds (0d 0h 0m 0s)

---------------  T H R E A D  ---------------

Current thread (0x0000021ef74be630):  JavaThread "Unknown thread" [_thread_in_vm, id=13308, stack(0x0000003592700000,0x0000003592800000)]

Stack: [0x0000003592700000,0x0000003592800000]
Native frames: (J=compiled Java code, j=interpreted, Vv=VM code, C=native code)
V  [jvm.dll+0x6723ba]
V  [jvm.dll+0x7d1e34]
V  [jvm.dll+0x7d35de]
V  [jvm.dll+0x7d3c43]
V  [jvm.dll+0x243065]
V  [jvm.dll+0x66f2d9]
V  [jvm.dll+0x663c22]
V  [jvm.dll+0x3011cb]
V  [jvm.dll+0x308766]
V  [jvm.dll+0x35846e]
V  [jvm.dll+0x35869f]
V  [jvm.dll+0x2d83e8]
V  [jvm.dll+0x2d9354]
V  [jvm.dll+0x7a3911]
V  [jvm.dll+0x3662c1]
V  [jvm.dll+0x782d7c]
V  [jvm.dll+0x3e8c1f]
V  [jvm.dll+0x3ea6c1]
C  [jli.dll+0x527b]
C  [ucrtbase.dll+0x21bb2]
C  [KERNEL32.DLL+0x17614]
C  [ntdll.dll+0x526b1]


---------------  P R O C E S S  ---------------

Threads class SMR info:
_java_thread_list=0x00007fffe19aa858, length=0, elements={
}

Java Threads: ( => current thread )

Other Threads:
  0x0000021ef7518270 GCTaskThread "GC Thread#0" [stack: 0x0000003592800000,0x0000003592900000] [id=24092]
  0x0000021ef752a550 ConcurrentGCThread "G1 Main Marker" [stack: 0x0000003592900000,0x0000003592a00000] [id=22808]
  0x0000021ef752c710 ConcurrentGCThread "G1 Conc#0" [stack: 0x0000003592a00000,0x0000003592b00000] [id=10840]

[error occurred during error reporting (printing all threads), id 0xc0000005, EXCEPTION_ACCESS_VIOLATION (0xc0000005) at pc=0x00007fffe11f8dd7]

VM state: not at safepoint (not fully initialized)

VM Mutex/Monitor currently owned by a thread:  ([mutex/lock_event])
[0x0000021ef74bb8c0] Heap_lock - owner thread: 0x0000021ef74be630

Heap address: 0x0000000081400000, size: 2028 MB, Compressed Oops mode: 32-bit

CDS archive(s) mapped at: [0x0000000000000000-0x0000000000000000-0x0000000000000000), size 0, SharedBaseAddress: 0x0000000800000000, ArchiveRelocationMode: 0.
Narrow klass base: 0x0000000000000000, Narrow klass shift: 0, Narrow klass range: 0x0

GC Precious Log:
<Empty>

Heap:
 garbage-first heap   total 0K, used 0K [0x0000000081400000, 0x0000000100000000)
  region size 1024K, 0 young (0K), 0 survivors (0K)

[error occurred during error reporting (printing heap information), id 0xc0000005, EXCEPTION_ACCESS_VIOLATION (0xc0000005) at pc=0x00007fffe15db869]

GC Heap History (0 events):
No events

Deoptimization events (0 events):
No events

Classes unloaded (0 events):
No events

Classes redefined (0 events):
No events

Internal exceptions (0 events):
No events

VM Operations (0 events):
No events

Events (1 events):
Event: 0.008 Loaded shared library C:\Program Files\Java\jdk-17.0.4.1\bin\java.dll


Dynamic libraries:
0x00007ff6d82a0000 - 0x00007ff6d82b0000 	C:\Program Files\Java\jdk-17.0.4.1\bin\java.exe
0x00007ff85d030000 - 0x00007ff85d228000 	C:\WINDOWS\SYSTEM32\ntdll.dll
0x00007ff85c4b0000 - 0x00007ff85c56f000 	C:\WINDOWS\System32\KERNEL32.DLL
0x00007ff85a780000 - 0x00007ff85aa76000 	C:\WINDOWS\System32\KERNELBASE.dll
0x00007ff85ac70000 - 0x00007ff85ad70000 	C:\WINDOWS\System32\ucrtbase.dll
0x00007ff8540d0000 - 0x00007ff8540e8000 	C:\Program Files\Java\jdk-17.0.4.1\bin\jli.dll
0x00007ff854090000 - 0x00007ff8540aa000 	C:\Program Files\Java\jdk-17.0.4.1\bin\VCRUNTIME140.dll
0x00007ff85c680000 - 0x00007ff85c72f000 	C:\WINDOWS\System32\ADVAPI32.dll
0x00007ff85bc20000 - 0x00007ff85bcbe000 	C:\WINDOWS\System32\msvcrt.dll
0x00007ff85b0f0000 - 0x00007ff85b18c000 	C:\WINDOWS\System32\sechost.dll
0x00007ff85cec0000 - 0x00007ff85cfe6000 	C:\WINDOWS\System32\RPCRT4.dll
0x00007ff85be40000 - 0x00007ff85bfdd000 	C:\WINDOWS\System32\USER32.dll
0x00007ff845eb0000 - 0x00007ff84614a000 	C:\WINDOWS\WinSxS\amd64_microsoft.windows.common-controls_6595b64144ccf1df_6.0.19041.1110_none_60b5254171f9507e\COMCTL32.dll
0x00007ff85b060000 - 0x00007ff85b082000 	C:\WINDOWS\System32\win32u.dll
0x00007ff85ce10000 - 0x00007ff85ce3c000 	C:\WINDOWS\System32\GDI32.dll
0x00007ff85af40000 - 0x00007ff85b055000 	C:\WINDOWS\System32\gdi32full.dll
0x00007ff85ad70000 - 0x00007ff85ae0d000 	C:\WINDOWS\System32\msvcp_win.dll
0x00007ff850a20000 - 0x00007ff850a2a000 	C:\WINDOWS\SYSTEM32\VERSION.dll
0x00007ff85cc30000 - 0x00007ff85cc60000 	C:\WINDOWS\System32\IMM32.DLL
0x00007ff8569b0000 - 0x00007ff8569bc000 	C:\Program Files\Java\jdk-17.0.4.1\bin\vcruntime140_1.dll
0x00007ff82a590000 - 0x00007ff82a61d000 	C:\Program Files\Java\jdk-17.0.4.1\bin\msvcp140.dll
0x00007fffe0f10000 - 0x00007fffe1ad2000 	C:\Program Files\Java\jdk-17.0.4.1\bin\server\jvm.dll
0x00007ff85bc10000 - 0x00007ff85bc18000 	C:\WINDOWS\System32\PSAPI.DLL
0x00007ff8409d0000 - 0x00007ff8409d9000 	C:\WINDOWS\SYSTEM32\WSOCK32.dll
0x00007ff846300000 - 0x00007ff846327000 	C:\WINDOWS\SYSTEM32\WINMM.dll
0x00007ff85c730000 - 0x00007ff85c79b000 	C:\WINDOWS\System32\WS2_32.dll
0x00007ff858f00000 - 0x00007ff858f12000 	C:\WINDOWS\SYSTEM32\kernel.appcore.dll
0x00007ff855aa0000 - 0x00007ff855aaa000 	C:\Program Files\Java\jdk-17.0.4.1\bin\jimage.dll
0x00007ff8583e0000 - 0x00007ff8585c4000 	C:\WINDOWS\SYSTEM32\DBGHELP.DLL
0x00007ff842b20000 - 0x00007ff842b54000 	C:\WINDOWS\SYSTEM32\dbgcore.DLL
0x00007ff85aa80000 - 0x00007ff85ab02000 	C:\WINDOWS\System32\bcryptPrimitives.dll
0x00007ff82ea00000 - 0x00007ff82ea25000 	C:\Program Files\Java\jdk-17.0.4.1\bin\java.dll

dbghelp: loaded successfully - version: 4.0.5 - missing functions: none
symbol engine: initialized successfully - sym options: 0x614 - pdb path: .;C:\Program Files\Java\jdk-17.0.4.1\bin;C:\WINDOWS\SYSTEM32;C:\WINDOWS\WinSxS\amd64_microsoft.windows.common-controls_6595b64144ccf1df_6.0.19041.1110_none_60b5254171f9507e;C:\Program Files\Java\jdk-17.0.4.1\bin\server

VM Arguments:
jvm_args: -Dnet.bytebuddy.agent.attacher.dump= 
java_command: net.bytebuddy.agent.Attacher com.sun.tools.attach.VirtualMachine 26244 C:\Users\kaana\.m2\repository\net\bytebuddy\byte-buddy-agent\1.14.13\byte-buddy-agent-1.14.13.jar false 
java_class_path (initial): C:\Users\kaana\.m2\repository\net\bytebuddy\byte-buddy-agent\1.14.13\byte-buddy-agent-1.14.13.jar
Launcher Type: SUN_STANDARD

[Global flags]
     intx CICompilerCount                          = 4                                         {product} {ergonomic}
     uint ConcGCThreads                            = 2                                         {product} {ergonomic}
     uint G1ConcRefinementThreads                  = 8                                         {product} {ergonomic}
   size_t G1HeapRegionSize                         = 1048576                                   {product} {ergonomic}
    uintx GCDrainStackTargetSize                   = 64                                        {product} {ergonomic}
   size_t InitialHeapSize                          = 134217728                                 {product} {ergonomic}
   size_t MarkStackSize                            = 4194304                                   {product} {ergonomic}
   size_t MaxHeapSize                              = 2126512128                                {product} {ergonomic}
   size_t MinHeapDeltaBytes                        = 1048576                                   {product} {ergonomic}
   size_t MinHeapSize                              = 8388608                                   {product} {ergonomic}
    uintx NonNMethodCodeHeapSize                   = 5839372                                {pd product} {ergonomic}
    uintx NonProfiledCodeHeapSize                  = 122909434                              {pd product} {ergonomic}
    uintx ProfiledCodeHeapSize                     = 122909434                              {pd product} {ergonomic}
    uintx ReservedCodeCacheSize                    = 251658240                              {pd product} {ergonomic}
     bool SegmentedCodeCache                       = true                                      {product} {ergonomic}
   size_t SoftMaxHeapSize                          = 2126512128                             {manageable} {ergonomic}
     bool UseCompressedClassPointers               = true                           {product lp64_product} {ergonomic}
     bool UseCompressedOops                        = true                           {product lp64_product} {ergonomic}
     bool UseG1GC                                  = true                                      {product} {ergonomic}
     bool UseLargePagesIndividualAllocation        = false                                  {pd product} {ergonomic}

Logging:
Log output configuration:
 #0: stdout all=warning uptime,level,tags
 #1: stderr all=off uptime,level,tags

Environment Variables:
JAVA_HOME=C:\Program Files\Java\jdk-17.0.4.1
CLASSPATH=%CLASSPATH%;#JUNIT_HOME%\junit-4.13.2.jar,.;;#JUNIT_HOME%\junit-4.13.2.jar,.;;#JUNIT_HOME%\junit-4.13.2.jar,.;
PATH=C:\Program Files\Common Files\Oracle\Java\javapath;C:\Program Files\Python38\Scripts\;C:\Program Files\Python38\;C:\WINDOWS\system32;C:\WINDOWS;C:\WINDOWS\System32\Wbem;C:\WINDOWS\System32\WindowsPowerShell\v1.0\;C:\WINDOWS\System32\OpenSSH\;C:\Program Files\Git\cmd;C:\Program Files\Java\jdk-17.0.4.1\bin;D:\Program Files\erl10.3\bin;C:\Program Files\apache-maven-3.8.1\bin;C:\Program Files\Python38;C:\Program Files\PostgreSQL\14\bin;D;D:\Program Files\Graphviz\bin;D:\Program Files\doxygen\bin;D:\GNAT\2021\bin;;C:\Libs\plplot-5.11.1\buildmingw\dll;C:\Users\kaana\AppData\Local\Microsoft\WindowsApps;C:\Program Files\Java\jre1.8.0_261\bin;;D:\kaana\Microsoft VS Code\bin;C:\Program Files\JetBrains\IntelliJ IDEA Community Edition 2022.2.2\bin;;D:\Program Files\heroku\bin;C:\Program Files\JetBrains\IntelliJ IDEA 2022.2.2\bin;
USERNAME=kaana
OS=Windows_NT
PROCESSOR_IDENTIFIER=Intel64 Family 6 Model 142 Stepping 10, GenuineIntel



---------------  S Y S T E M  ---------------

OS:
 Windows 10 , 64 bit Build 19041 (10.0.19041.3155)
OS uptime: 5 days 2:50 hours
Hyper-V role detected

CPU: total 8 (initial active 8) (4 cores per cpu, 2 threads per core) family 6 model 142 stepping 10 microcode 0xf0, cx8, cmov, fxsr, ht, mmx, 3dnowpref, sse, sse2, sse3, ssse3, sse4.1, sse4.2, popcnt, lzcnt, tsc, tscinvbit, avx, avx2, aes, erms, clmul, bmi1, bmi2, rtm, adx, fma, vzeroupper, clflush, clflushopt, hv

Memory: 4k page, system-wide physical 8109M (282M free)
TotalPageFile size 18358M (AvailPageFile size 51M)
current process WorkingSet (physical memory assigned to process): 10M, peak: 10M
current process commit charge ("private bytes"): 60M, peak: 188M

vm_info: Java HotSpot(TM) 64-Bit Server VM (17.0.4.1+1-LTS-2) for windows-amd64 JRE (17.0.4.1+1-LTS-2), built on Aug 16 2022 18:32:06 by "mach5one" with MS VC++ 16.8 / 16.9 (VS2019)

END.
